[debug] [2025-12-10T19:14:14.822Z] ----------------------------------------------------------------------
[debug] [2025-12-10T19:14:14.831Z] Command:       C:\Program Files\nodejs\node.exe C:\Users\PARTH\AppData\Roaming\npm\node_modules\firebase-tools\lib\bin\firebase.js init
[debug] [2025-12-10T19:14:14.832Z] CLI Version:   14.27.0
[debug] [2025-12-10T19:14:14.832Z] Platform:      win32
[debug] [2025-12-10T19:14:14.833Z] Node Version:  v22.14.0
[debug] [2025-12-10T19:14:14.833Z] Time:          Thu Dec 11 2025 00:44:14 GMT+0530 (India Standard Time)
[debug] [2025-12-10T19:14:14.833Z] ----------------------------------------------------------------------
[debug] 
[info] 
     ######## #### ########  ######## ########     ###     ######  ########
     ##        ##  ##     ## ##       ##     ##  ##   ##  ##       ##
     ######    ##  ########  ######   ########  #########  ######  ######
     ##        ##  ##    ##  ##       ##     ## ##     ##       ## ##
     ##       #### ##     ## ######## ########  ##     ##  ######  ########

You're about to initialize a Firebase project in this directory:

  C:\Users\PARTH\nutrichoice_project

[debug] [2025-12-10T19:21:11.174Z] ExitPromptError: User force closed the prompt with SIGINT
    at Interface.sigint (C:\Users\PARTH\AppData\Roaming\npm\node_modules\firebase-tools\node_modules\@inquirer\core\dist\commonjs\lib\create-prompt.js:101:37)
    at Interface.emit (node:events:518:28)
    at Interface.emit (node:domain:489:12)
    at [_ttyWrite] [as _ttyWrite] (node:internal/readline/interface:1124:18)
    at ReadStream.onkeypress (node:internal/readline/interface:263:20)
    at ReadStream.emit (node:events:530:35)
    at ReadStream.emit (node:domain:489:12)
    at emitKeys (node:internal/readline/utils:370:14)
    at emitKeys.next (<anonymous>)
    at ReadStream.onData (node:internal/readline/emitKeypressEvents:64:36)
[error] 
[error] Error: An unexpected error has occurred.
